<?xml version="1.0" encoding="UTF-8"?>
<!-- Generated by org.testng.reporters.JUnitXMLReporter -->
<testsuite ignored="0" hostname="REDDY" failures="0" tests="4" name="chromeTest" time="14.657" errors="0" timestamp="2023-09-24T17:46:28 IST">
  <testcase classname="TestNG.ParallelTests" name="loginApplication" time="4.638"/>
  <testcase classname="TestNG.ParallelTests" name="enterFrame" time="0.065"/>
  <testcase classname="TestNG.ParallelTests" name="addEmployee" time="3.275"/>
  <testcase classname="TestNG.ParallelTests" name="exitFrame" time="0.008"/>
</testsuite> <!-- chromeTest -->
