<?xml version="1.0" encoding="UTF-8"?>
<!-- Generated by org.testng.reporters.JUnitXMLReporter -->
<testsuite ignored="0" hostname="REDDY" failures="0" tests="4" name="edgeTest" time="18.369" errors="0" timestamp="2023-09-24T17:46:31 IST">
  <testcase classname="TestNG.ParallelTests" name="loginApplication" time="4.952"/>
  <testcase classname="TestNG.ParallelTests" name="enterFrame" time="0.035"/>
  <testcase classname="TestNG.ParallelTests" name="addEmployee" time="5.289"/>
  <testcase classname="TestNG.ParallelTests" name="exitFrame" time="0.005"/>
</testsuite> <!-- edgeTest -->
