<?xml version="1.0" encoding="UTF-8"?>
<!-- Generated by org.testng.reporters.JUnitXMLReporter -->
<testsuite ignored="0" hostname="REDDY" failures="0" tests="4" name="MYTest" time="7.734" errors="0" timestamp="2023-09-24T17:43:12 IST">
  <testcase classname="TestNG.ParallelTests" name="loginApplication" time="2.053"/>
  <testcase classname="TestNG.ParallelTests" name="enterFrame" time="0.035"/>
  <testcase classname="TestNG.ParallelTests" name="addEmployee" time="2.012"/>
  <testcase classname="TestNG.ParallelTests" name="exitFrame" time="0.006"/>
</testsuite> <!-- MYTest -->
