<?xml version="1.0" encoding="UTF-8"?>
<!-- Generated by org.testng.reporters.JUnitXMLReporter -->
<testsuite ignored="0" hostname="REDDY" failures="0" tests="4" name="MYTest1" time="21.452" errors="0" timestamp="2023-09-24T17:43:26 IST">
  <testcase classname="TestNG.ParallelTests" name="loginApplication" time="6.254"/>
  <testcase classname="TestNG.ParallelTests" name="enterFrame" time="0.049"/>
  <testcase classname="TestNG.ParallelTests" name="addEmployee" time="5.269"/>
  <testcase classname="TestNG.ParallelTests" name="exitFrame" time="0.005"/>
</testsuite> <!-- MYTest1 -->
